<?xml version="1.0" encoding="UTF-8"?>
<robot generator="Robot 7.0 (Python 3.12.2 on win32)" generated="2024-03-05T22:44:26.920119" rpa="false" schemaversion="5">
<suite id="s1" name="TS-PSF-03-12" source="D:\MulDeep\64160054\Automate\FN-PSF-03\SC-PSF-03-04\TS-PSF-03-12.robot">
<test id="s1-t1" name="TC-PSF-03-12-01 ตรวจสอบการทำงานของปุ่มยกเลิก" line="25">
<kw name="เปิดหน้าจอ">
<kw name="Open Browser" owner="SeleniumLibrary">
<msg time="2024-03-05T22:44:27.088871" level="INFO">Opening browser 'chrome' to base url 'http://127.0.0.1:8080/manageStudentConsider'.</msg>
<arg>${URL_page}</arg>
<arg>${web_browser}</arg>
<doc>Opens a new browser instance to the optional ``url``.</doc>
<status status="PASS" start="2024-03-05T22:44:27.088871" elapsed="2.997059"/>
</kw>
<doc>ใช้เปิดหน้าจอ และชื่อ Browser ที่ใช้เปิด</doc>
<status status="PASS" start="2024-03-05T22:44:27.087904" elapsed="2.999024"/>
</kw>
<kw name="กดลิงค์">
<kw name="Click Link" owner="SeleniumLibrary">
<msg time="2024-03-05T22:44:30.087925" level="INFO">Clicking link 'xpath=//a[@href="/delCon/14"]'.</msg>
<arg>${bt_del}</arg>
<doc>Clicks a link identified by ``locator``.</doc>
<status status="PASS" start="2024-03-05T22:44:30.086928" elapsed="0.209993"/>
</kw>
<doc>ใช้สำหรับกดลิงค์รูป</doc>
<status status="PASS" start="2024-03-05T22:44:30.086928" elapsed="0.209993"/>
</kw>
<kw name="กดปุ่ม">
<kw name="Click Button" owner="SeleniumLibrary">
<msg time="2024-03-05T22:44:30.297918" level="INFO">Clicking button 'cancel'.</msg>
<arg>${Choicebtn}</arg>
<doc>Clicks the button identified by ``locator``.</doc>
<status status="PASS" start="2024-03-05T22:44:30.297918" elapsed="0.083776"/>
</kw>
<arg>${bt_cancel}</arg>
<doc>ใช้สำหรับกดปุ่มเพิ่มข้อมูล</doc>
<status status="PASS" start="2024-03-05T22:44:30.296921" elapsed="0.084773"/>
</kw>
<kw name="Close Browser" owner="SeleniumLibrary" type="TEARDOWN">
<doc>Closes the current browser.</doc>
<status status="PASS" start="2024-03-05T22:44:30.382695" elapsed="2.071237"/>
</kw>
<status status="PASS" start="2024-03-05T22:44:27.086874" elapsed="5.369022"/>
</test>
<test id="s1-t2" name="TC-PSF-03-12-02 ตรวจสอบการทำงานของปุ่มตกลง" line="29">
<kw name="เปิดหน้าจอ">
<kw name="Open Browser" owner="SeleniumLibrary">
<msg time="2024-03-05T22:44:32.458906" level="INFO">Opening browser 'chrome' to base url 'http://127.0.0.1:8080/manageStudentConsider'.</msg>
<arg>${URL_page}</arg>
<arg>${web_browser}</arg>
<doc>Opens a new browser instance to the optional ``url``.</doc>
<status status="PASS" start="2024-03-05T22:44:32.457895" elapsed="1.475305"/>
</kw>
<doc>ใช้เปิดหน้าจอ และชื่อ Browser ที่ใช้เปิด</doc>
<status status="PASS" start="2024-03-05T22:44:32.457895" elapsed="1.475305"/>
</kw>
<kw name="กดลิงค์">
<kw name="Click Link" owner="SeleniumLibrary">
<msg time="2024-03-05T22:44:33.934197" level="INFO">Clicking link 'xpath=//a[@href="/delCon/14"]'.</msg>
<arg>${bt_del}</arg>
<doc>Clicks a link identified by ``locator``.</doc>
<status status="PASS" start="2024-03-05T22:44:33.934197" elapsed="31.119290"/>
</kw>
<doc>ใช้สำหรับกดลิงค์รูป</doc>
<status status="PASS" start="2024-03-05T22:44:33.934197" elapsed="31.119290"/>
</kw>
<kw name="กดปุ่ม">
<kw name="Click Button" owner="SeleniumLibrary">
<msg time="2024-03-05T22:45:05.054489" level="INFO">Clicking button 'ok'.</msg>
<arg>${Choicebtn}</arg>
<doc>Clicks the button identified by ``locator``.</doc>
<status status="PASS" start="2024-03-05T22:45:05.054489" elapsed="0.047871"/>
</kw>
<arg>${bt_submit}</arg>
<doc>ใช้สำหรับกดปุ่มเพิ่มข้อมูล</doc>
<status status="PASS" start="2024-03-05T22:45:05.054489" elapsed="0.047871"/>
</kw>
<kw name="Close Browser" owner="SeleniumLibrary" type="TEARDOWN">
<doc>Closes the current browser.</doc>
<status status="PASS" start="2024-03-05T22:45:05.103357" elapsed="2.065293"/>
</kw>
<status status="PASS" start="2024-03-05T22:44:32.456910" elapsed="34.711740"/>
</test>
<status status="PASS" start="2024-03-05T22:44:26.921116" elapsed="40.248531"/>
</suite>
<statistics>
<total>
<stat pass="2" fail="0" skip="0">All Tests</stat>
</total>
<tag>
</tag>
<suite>
<stat pass="2" fail="0" skip="0" id="s1" name="TS-PSF-03-12">TS-PSF-03-12</stat>
</suite>
</statistics>
<errors>
</errors>
</robot>
