<?xml version="1.0" encoding="UTF-8"?>
<robot generator="Robot 7.0 (Python 3.12.2 on win32)" generated="2024-03-05T20:47:09.224328" rpa="false" schemaversion="5">
<suite id="s1" name="FN PSF 01" source="D:\MulDeep\64160054\Automate\FN_PSF_01.robot">
<test id="s1-t1" name="TC-PSF-01-01-01 ตรวจสอบการกรอกข้อมูล Username รับไม่เกินจำนวน 6 ตัวอักษรและไม่น้อยกว่า 6 ตัวอักษร" line="42">
<kw name="เปิดหน้าจอ">
<kw name="Open Browser" owner="SeleniumLibrary">
<msg time="2024-03-05T20:47:09.508562" level="INFO">Opening browser 'chrome' to base url 'http://127.0.0.1:8080/'.</msg>
<arg>${URL_page}</arg>
<arg>${web_browser}</arg>
<doc>Opens a new browser instance to the optional ``url``.</doc>
<status status="PASS" start="2024-03-05T20:47:09.507229" elapsed="7.005662"/>
</kw>
<doc>ใช้เปิดหน้าจอ และชื่อ Browser ที่ใช้เปิด</doc>
<status status="PASS" start="2024-03-05T20:47:09.507229" elapsed="7.005662"/>
</kw>
<kw name="กรอกข้อมูล">
<kw name="Input Text" owner="SeleniumLibrary">
<msg time="2024-03-05T20:47:16.513889" level="INFO">Typing text 'pichet' into text field 'email'.</msg>
<arg>${txt_user}</arg>
<arg>${user_name}</arg>
<doc>Types the given ``text`` into the text field identified by ``locator``.</doc>
<status status="PASS" start="2024-03-05T20:47:16.513889" elapsed="0.069814"/>
</kw>
<arg>${user_name1}</arg>
<doc>ใช้กรอกข้อมูล username</doc>
<status status="PASS" start="2024-03-05T20:47:16.512891" elapsed="0.070812"/>
</kw>
<kw name="Close Browser" owner="SeleniumLibrary" type="TEARDOWN">
<msg time="2024-03-05T20:47:17.665470" level="ERROR">When closing browser, received exception: Execution terminated by signal</msg>
<msg time="2024-03-05T20:47:17.667428" level="INFO">Cannot capture screenshot because no browser is open.</msg>
<doc>Closes the current browser.</doc>
<status status="FAIL" start="2024-03-05T20:47:16.583703" elapsed="1.083725">Execution terminated by signal</status>
</kw>
<status status="FAIL" start="2024-03-05T20:47:09.505234" elapsed="8.163187">Teardown failed:
Execution terminated by signal</status>
</test>
<test id="s1-t2" name="TC-PSF-01-01-02 ตรวจสอบการกรอกข้อมูล Username รับเกินจำนวน 6 ตัวอักษร" line="45">
<tag>robot:exit</tag>
<status status="FAIL" start="2024-03-05T20:47:17.668885" elapsed="0.001030">Test execution stopped due to a fatal error.</status>
</test>
<test id="s1-t3" name="TC-PSF-01-01-03 ตรวจสอบการกรอกข้อมูล Username รับน้อยกว่าจำนวน 6 ตัวอักษร" line="48">
<tag>robot:exit</tag>
<status status="FAIL" start="2024-03-05T20:47:17.670881" elapsed="0.001995">Test execution stopped due to a fatal error.</status>
</test>
<test id="s1-t4" name="TC-PSF-01-01-04 ตรวจสอบการกรอกข้อมูล Password รับไม่เกินจำนวน 6 ตัวอักษรและไม่น้อยกว่า 6 ตัวอักษร" line="51">
<tag>robot:exit</tag>
<status status="FAIL" start="2024-03-05T20:47:17.672876" elapsed="0.001996">Test execution stopped due to a fatal error.</status>
</test>
<test id="s1-t5" name="TC-PSF-01-01-05 ตรวจสอบการกรอกข้อมูล Password รับเกินจำนวน 6 ตัวอักษร" line="54">
<tag>robot:exit</tag>
<status status="FAIL" start="2024-03-05T20:47:17.675868" elapsed="0.000997">Test execution stopped due to a fatal error.</status>
</test>
<test id="s1-t6" name="TC-PSF-01-01-06 ตรวจสอบการกรอกข้อมูล Password รับน้อยกว่าจำนวน 6 ตัวอักษร" line="57">
<tag>robot:exit</tag>
<status status="FAIL" start="2024-03-05T20:47:17.677863" elapsed="0.000998">Test execution stopped due to a fatal error.</status>
</test>
<test id="s1-t7" name="TC-PSF-01-01-07 ตรวจสอบการกรอกข้อมูล Password รับข้อความที่กรอกไม่แสดงตัวอักษร" line="60">
<tag>robot:exit</tag>
<status status="FAIL" start="2024-03-05T20:47:17.679857" elapsed="0.001997">Test execution stopped due to a fatal error.</status>
</test>
<test id="s1-t8" name="TC-PSF-01-01-08 ตรวจสอบการเข้าสู่ระบบสำหรับผู้ใช้สถานะ อาจารย์" line="63">
<tag>robot:exit</tag>
<status status="FAIL" start="2024-03-05T20:47:17.682851" elapsed="0.000997">Test execution stopped due to a fatal error.</status>
</test>
<test id="s1-t9" name="TC-PSF-01-01-09 ตรวจสอบการเข้าสู่ระบบสำหรับผู้ใช้สถานะ เจ้าหน้าที่" line="67">
<tag>robot:exit</tag>
<status status="FAIL" start="2024-03-05T20:47:17.684846" elapsed="0.000997">Test execution stopped due to a fatal error.</status>
</test>
<test id="s1-t10" name="TC-PSF-01-01-10 ตรวจสอบการเข้าสู่ระบบสำหรับผู้ใช้ที่ไม่มีสิทธิ์เข้าสู่ระบบ" line="71">
<tag>robot:exit</tag>
<status status="FAIL" start="2024-03-05T20:47:17.686840" elapsed="0.001994">Test execution stopped due to a fatal error.</status>
</test>
<test id="s1-t11" name="TC-PSF-01-02-01 ตรวจสอบการทำงานของปุ่ม" line="75">
<tag>robot:exit</tag>
<status status="FAIL" start="2024-03-05T20:47:17.688834" elapsed="0.000998">Test execution stopped due to a fatal error.</status>
</test>
<test id="s1-t12" name="TC-PSF-01-03-01 ตรวจสอบการแสดงผลชื่อผู้ใช้งาน" line="79">
<tag>robot:exit</tag>
<status status="FAIL" start="2024-03-05T20:47:17.690830" elapsed="0.000997">Test execution stopped due to a fatal error.</status>
</test>
<test id="s1-t13" name="TC-PSF-01-03-02 ตรวจสอบการแสดงผลสถานะผู้ใช้งานสถานะอาจารย์" line="83">
<tag>robot:exit</tag>
<status status="FAIL" start="2024-03-05T20:47:17.691827" elapsed="0.002021">Test execution stopped due to a fatal error.</status>
</test>
<test id="s1-t14" name="TC-PSF-01-03-03 ตรวจสอบการแสดงผลสถานะผู้ใช้งานสถานะเจ้าหน้าที่" line="87">
<tag>robot:exit</tag>
<status status="FAIL" start="2024-03-05T20:47:17.693848" elapsed="0.001967">Test execution stopped due to a fatal error.</status>
</test>
<test id="s1-t15" name="TC-PSF-01-03-04 ตรวจสอบการแสดงผลข้อมูลรายชื่อนิสิตรอการพินิจในระบบ" line="91">
<tag>robot:exit</tag>
<status status="FAIL" start="2024-03-05T20:47:17.696812" elapsed="0.000997">Test execution stopped due to a fatal error.</status>
</test>
<status status="FAIL" start="2024-03-05T20:47:09.225328" elapsed="8.473478"/>
</suite>
<statistics>
<total>
<stat pass="0" fail="15" skip="0">All Tests</stat>
</total>
<tag>
<stat pass="0" fail="1" skip="0" info="combined" combined="NOT robot:exit">NOT robot:exit</stat>
</tag>
<suite>
<stat pass="0" fail="15" skip="0" id="s1" name="FN PSF 01">FN PSF 01</stat>
</suite>
</statistics>
<errors>
<msg time="2024-03-05T20:47:17.665470" level="ERROR">When closing browser, received exception: Execution terminated by signal</msg>
</errors>
</robot>
