<?xml version="1.0" encoding="UTF-8"?>
<robot generator="Robot 7.0 (Python 3.12.2 on win32)" generated="2024-03-05T23:15:36.938731" rpa="false" schemaversion="5">
<suite id="s1" name="TS-PSF-03-01" source="D:\MulDeep\64160054\Automate\FN-PSF-03\SC-PSF-03-01\TS-PSF-03-01.robot">
<test id="s1-t1" name="TC-PSF-03-01-01 ตรวจสอบการแสดงผลข้อมูลรายชื่อนิสิตรอการพินิจ" line="29">
<kw name="เปิดหน้าจอ">
<kw name="Open Browser" owner="SeleniumLibrary">
<msg time="2024-03-05T23:15:37.110272" level="INFO">Opening browser 'chrome' to base url 'http://127.0.0.1:8080/'.</msg>
<arg>${URL_page}</arg>
<arg>${web_browser}</arg>
<doc>Opens a new browser instance to the optional ``url``.</doc>
<status status="PASS" start="2024-03-05T23:15:37.110272" elapsed="32.272825"/>
</kw>
<doc>ใช้เปิดหน้าจอ และชื่อ Browser ที่ใช้เปิด</doc>
<status status="PASS" start="2024-03-05T23:15:37.109274" elapsed="32.273823"/>
</kw>
<kw name="กรอกข้อมูลเข้าสู่ระบบ">
<kw name="Input Text" owner="SeleniumLibrary">
<msg time="2024-03-05T23:16:09.384096" level="INFO">Typing text 'somnuk' into text field 'email'.</msg>
<arg>${txt_user}</arg>
<arg>${user_name}</arg>
<doc>Types the given ``text`` into the text field identified by ``locator``.</doc>
<status status="PASS" start="2024-03-05T23:16:09.384096" elapsed="0.062831"/>
</kw>
<kw name="Input Text" owner="SeleniumLibrary">
<msg time="2024-03-05T23:16:09.447923" level="INFO">Typing text '123456' into text field 'password'.</msg>
<arg>${txt_pass}</arg>
<arg>${pass_name}</arg>
<doc>Types the given ``text`` into the text field identified by ``locator``.</doc>
<status status="PASS" start="2024-03-05T23:16:09.447923" elapsed="0.049868"/>
</kw>
<doc>ใช้กรอกข้อมูล username</doc>
<status status="PASS" start="2024-03-05T23:16:09.384096" elapsed="0.113695"/>
</kw>
<kw name="กดปุ่ม">
<kw name="Click Button" owner="SeleniumLibrary">
<msg time="2024-03-05T23:16:09.498788" level="INFO">Clicking button 'btnok'.</msg>
<arg>${bt_Login}</arg>
<doc>Clicks the button identified by ``locator``.</doc>
<status status="PASS" start="2024-03-05T23:16:09.497791" elapsed="0.386972"/>
</kw>
<doc>ใช้สำหรับกดปุ่มเข้าสู่ระบบ</doc>
<status status="PASS" start="2024-03-05T23:16:09.497791" elapsed="0.386972"/>
</kw>
<kw name="เปิดลิงค์">
<kw name="Click Link" owner="SeleniumLibrary">
<msg time="2024-03-05T23:16:09.884763" level="INFO">Clicking link 'xpath=//a[@href="/manageStudentConsider"]'.</msg>
<arg>${LinkManageStd}</arg>
<doc>Clicks a link identified by ``locator``.</doc>
<status status="PASS" start="2024-03-05T23:16:09.884763" elapsed="0.056846"/>
</kw>
<doc>ใช้สำหรับเปิดหน้าจอ</doc>
<status status="PASS" start="2024-03-05T23:16:09.884763" elapsed="0.056846"/>
</kw>
<kw name="Close Browser" owner="SeleniumLibrary" type="TEARDOWN">
<doc>Closes the current browser.</doc>
<status status="PASS" start="2024-03-05T23:16:09.942608" elapsed="2.062594"/>
</kw>
<status status="PASS" start="2024-03-05T23:15:37.107279" elapsed="34.897923"/>
</test>
<status status="PASS" start="2024-03-05T23:15:36.940726" elapsed="35.065472"/>
</suite>
<statistics>
<total>
<stat pass="1" fail="0" skip="0">All Tests</stat>
</total>
<tag>
</tag>
<suite>
<stat pass="1" fail="0" skip="0" id="s1" name="TS-PSF-03-01">TS-PSF-03-01</stat>
</suite>
</statistics>
<errors>
</errors>
</robot>
